Determining if the pthread_create exist failed with the following output:
Change Dir: /home/anmol/Desktop/A_star_Testing/build/CMakeFiles/CMakeTmp

Run Build Command:/usr/bin/make "cmTryCompileExec291345169/fast"
/usr/bin/make -f CMakeFiles/cmTryCompileExec291345169.dir/build.make CMakeFiles/cmTryCompileExec291345169.dir/build
make[1]: Entering directory `/home/anmol/Desktop/A_star_Testing/build/CMakeFiles/CMakeTmp'
/usr/bin/cmake -E cmake_progress_report /home/anmol/Desktop/A_star_Testing/build/CMakeFiles/CMakeTmp/CMakeFiles 1
Building C object CMakeFiles/cmTryCompileExec291345169.dir/CheckSymbolExists.c.o
/usr/bin/cc    -o CMakeFiles/cmTryCompileExec291345169.dir/CheckSymbolExists.c.o   -c /home/anmol/Desktop/A_star_Testing/build/CMakeFiles/CMakeTmp/CheckSymbolExists.c
Linking C executable cmTryCompileExec291345169
/usr/bin/cmake -E cmake_link_script CMakeFiles/cmTryCompileExec291345169.dir/link.txt --verbose=1
/usr/bin/cc       CMakeFiles/cmTryCompileExec291345169.dir/CheckSymbolExists.c.o  -o cmTryCompileExec291345169 -rdynamic 
CMakeFiles/cmTryCompileExec291345169.dir/CheckSymbolExists.c.o: In function `main':
CheckSymbolExists.c:(.text+0xa): undefined reference to `pthread_create'
collect2: error: ld returned 1 exit status
make[1]: Leaving directory `/home/anmol/Desktop/A_star_Testing/build/CMakeFiles/CMakeTmp'
make[1]: *** [cmTryCompileExec291345169] Error 1
make: *** [cmTryCompileExec291345169/fast] Error 2

File /home/anmol/Desktop/A_star_Testing/build/CMakeFiles/CMakeTmp/CheckSymbolExists.c:
/* */
#include <pthread.h>

int main(int argc, char** argv)
{
  (void)argv;
#ifndef pthread_create
  return ((int*)(&pthread_create))[argc];
#else
  (void)argc;
  return 0;
#endif
}

Determining if the function pthread_create exists in the pthreads failed with the following output:
Change Dir: /home/anmol/Desktop/A_star_Testing/build/CMakeFiles/CMakeTmp

Run Build Command:/usr/bin/make "cmTryCompileExec835950188/fast"
/usr/bin/make -f CMakeFiles/cmTryCompileExec835950188.dir/build.make CMakeFiles/cmTryCompileExec835950188.dir/build
make[1]: Entering directory `/home/anmol/Desktop/A_star_Testing/build/CMakeFiles/CMakeTmp'
/usr/bin/cmake -E cmake_progress_report /home/anmol/Desktop/A_star_Testing/build/CMakeFiles/CMakeTmp/CMakeFiles 1
Building C object CMakeFiles/cmTryCompileExec835950188.dir/CheckFunctionExists.c.o
/usr/bin/cc   -DCHECK_FUNCTION_EXISTS=pthread_create   -o CMakeFiles/cmTryCompileExec835950188.dir/CheckFunctionExists.c.o   -c /usr/share/cmake-2.8/Modules/CheckFunctionExists.c
Linking C executable cmTryCompileExec835950188
/usr/bin/cmake -E cmake_link_script CMakeFiles/cmTryCompileExec835950188.dir/link.txt --verbose=1
/usr/bin/cc   -DCHECK_FUNCTION_EXISTS=pthread_create    CMakeFiles/cmTryCompileExec835950188.dir/CheckFunctionExists.c.o  -o cmTryCompileExec835950188 -rdynamic -lpthreads 
/usr/bin/ld: cannot find -lpthreads
collect2: error: ld returned 1 exit status
make[1]: Leaving directory `/home/anmol/Desktop/A_star_Testing/build/CMakeFiles/CMakeTmp'
make[1]: *** [cmTryCompileExec835950188] Error 1
make: *** [cmTryCompileExec835950188/fast] Error 2


